0 info it worked if it ends with ok
1 verbose cli [ 'C:\\Program Files\\nodejs\\node.exe',
1 verbose cli   'C:\\Program Files\\nodejs\\node_modules\\npm\\bin\\npm-cli.js',
1 verbose cli   'install',
1 verbose cli   'bcryptjs' ]
2 info using npm@3.3.12
3 info using node@v5.4.0
4 silly loadCurrentTree Starting
5 silly install loadCurrentTree
6 silly install readLocalPackageData
7 silly fetchPackageMetaData bcryptjs@^0.8.5
8 silly fetchNamedPackageData bcryptjs
9 silly mapToRegistry name bcryptjs
10 silly mapToRegistry using default registry
11 silly mapToRegistry registry https://registry.npmjs.org/
12 silly mapToRegistry uri https://registry.npmjs.org/bcryptjs
13 verbose request uri https://registry.npmjs.org/bcryptjs
14 verbose request no auth needed
15 info attempt registry request try #1 at 18:24:56
16 verbose request id d3100a0acac92be1
17 verbose etag "9RHDLFETRVCMIRIBL1YTHSAL3"
18 http request GET https://registry.npmjs.org/bcryptjs
19 http 304 https://registry.npmjs.org/bcryptjs
20 verbose headers { date: 'Mon, 14 Mar 2016 17:25:29 GMT',
20 verbose headers   via: '1.1 varnish',
20 verbose headers   'cache-control': 'max-age=300',
20 verbose headers   etag: '"9RHDLFETRVCMIRIBL1YTHSAL3"',
20 verbose headers   age: '176',
20 verbose headers   connection: 'keep-alive',
20 verbose headers   'x-served-by': 'cache-ams4144-AMS',
20 verbose headers   'x-cache': 'HIT',
20 verbose headers   'x-cache-hits': '1',
20 verbose headers   'x-timer': 'S1457976329.726049,VS0,VE0',
20 verbose headers   vary: 'Accept' }
21 silly get cb [ 304,
21 silly get   { date: 'Mon, 14 Mar 2016 17:25:29 GMT',
21 silly get     via: '1.1 varnish',
21 silly get     'cache-control': 'max-age=300',
21 silly get     etag: '"9RHDLFETRVCMIRIBL1YTHSAL3"',
21 silly get     age: '176',
21 silly get     connection: 'keep-alive',
21 silly get     'x-served-by': 'cache-ams4144-AMS',
21 silly get     'x-cache': 'HIT',
21 silly get     'x-cache-hits': '1',
21 silly get     'x-timer': 'S1457976329.726049,VS0,VE0',
21 silly get     vary: 'Accept' } ]
22 verbose etag https://registry.npmjs.org/bcryptjs from cache
23 verbose get saving bcryptjs to C:\Users\saanr\AppData\Roaming\npm-cache\registry.npmjs.org\bcryptjs\.cache.json
24 silly fetchPackageMetaData Error: No compatible version found: bcryptjs@^0.8.5
24 silly fetchPackageMetaData Valid install targets:
24 silly fetchPackageMetaData 2.3.0, 2.2.2, 2.2.1, 2.2.0, 2.1.0, 2.0.2, 2.0.1, 2.0.0, 1.1.0, 1.0.5, 1.0.4, 1.0.3, 1.0.2, 1.0.1, 1.0.0, 0.7.12, 0.7.10, 0.7.8, 0.7.7, 0.7.6, 0.7.5
24 silly fetchPackageMetaData
24 silly fetchPackageMetaData     at pickVersionFromRegistryDocument (C:\Program Files\nodejs\node_modules\npm\lib\fetch-package-metadata.js:156:16)
24 silly fetchPackageMetaData     at C:\Program Files\nodejs\node_modules\npm\node_modules\iferr\index.js:13:50
24 silly fetchPackageMetaData     at C:\Program Files\nodejs\node_modules\npm\lib\utils\pulse-till-done.js:19:8
24 silly fetchPackageMetaData     at saved (C:\Program Files\nodejs\node_modules\npm\lib\cache\caching-client.js:168:7)
24 silly fetchPackageMetaData     at C:\Program Files\nodejs\node_modules\npm\node_modules\graceful-fs\polyfills.js:210:7
24 silly fetchPackageMetaData     at FSReqWrap.oncomplete (fs.js:82:15)
24 silly fetchPackageMetaData  error for bcryptjs@^0.8.5 [Error: No compatible version found: bcryptjs@^0.8.5
24 silly fetchPackageMetaData Valid install targets:
24 silly fetchPackageMetaData 2.3.0, 2.2.2, 2.2.1, 2.2.0, 2.1.0, 2.0.2, 2.0.1, 2.0.0, 1.1.0, 1.0.5, 1.0.4, 1.0.3, 1.0.2, 1.0.1, 1.0.0, 0.7.12, 0.7.10, 0.7.8, 0.7.7, 0.7.6, 0.7.5
24 silly fetchPackageMetaData ]
25 silly rollbackFailedOptional Starting
26 silly rollbackFailedOptional Finishing
27 silly runTopLevelLifecycles Starting
28 silly runTopLevelLifecycles Finishing
29 silly install printInstalled
30 verbose stack Error: No compatible version found: bcryptjs@^0.8.5
30 verbose stack Valid install targets:
30 verbose stack 2.3.0, 2.2.2, 2.2.1, 2.2.0, 2.1.0, 2.0.2, 2.0.1, 2.0.0, 1.1.0, 1.0.5, 1.0.4, 1.0.3, 1.0.2, 1.0.1, 1.0.0, 0.7.12, 0.7.10, 0.7.8, 0.7.7, 0.7.6, 0.7.5
30 verbose stack
30 verbose stack     at pickVersionFromRegistryDocument (C:\Program Files\nodejs\node_modules\npm\lib\fetch-package-metadata.js:156:16)
30 verbose stack     at C:\Program Files\nodejs\node_modules\npm\node_modules\iferr\index.js:13:50
30 verbose stack     at C:\Program Files\nodejs\node_modules\npm\lib\utils\pulse-till-done.js:19:8
30 verbose stack     at saved (C:\Program Files\nodejs\node_modules\npm\lib\cache\caching-client.js:168:7)
30 verbose stack     at C:\Program Files\nodejs\node_modules\npm\node_modules\graceful-fs\polyfills.js:210:7
30 verbose stack     at FSReqWrap.oncomplete (fs.js:82:15)
31 verbose cwd C:\Users\saanr\desktop\bssa-januari-2016\blog
32 error Windows_NT 10.0.10586
33 error argv "C:\\Program Files\\nodejs\\node.exe" "C:\\Program Files\\nodejs\\node_modules\\npm\\bin\\npm-cli.js" "install" "bcryptjs"
34 error node v5.4.0
35 error npm  v3.3.12
36 error No compatible version found: bcryptjs@^0.8.5
36 error Valid install targets:
36 error 2.3.0, 2.2.2, 2.2.1, 2.2.0, 2.1.0, 2.0.2, 2.0.1, 2.0.0, 1.1.0, 1.0.5, 1.0.4, 1.0.3, 1.0.2, 1.0.1, 1.0.0, 0.7.12, 0.7.10, 0.7.8, 0.7.7, 0.7.6, 0.7.5
37 error If you need help, you may report this error at:
37 error     <https://github.com/npm/npm/issues>
38 verbose exit [ 1, true ]
